<?xml version="1.0" encoding="UTF-8"?>
<!-- Generated by org.testng.reporters.JUnitXMLReporter -->
<testsuite ignored="0" hostname="DEBASISH" failures="0" tests="2" name="Regression Tests" time="4.054" errors="0" timestamp="2026-01-17T21:47:17 IST">
  <testcase classname="testCases.TC002_AccountRegistration" name="accountRegistration" time="0.0">
    <skipped/>
  </testcase> <!-- accountRegistration -->
  <testcase classname="testCases.TC004_SignUp" name="signup" time="0.0">
    <skipped/>
  </testcase> <!-- signup -->
</testsuite> <!-- Regression Tests -->
