<?xml version="1.0" encoding="UTF-8"?>
<testng-results ignored="0" total="4" passed="4" failed="0" skipped="0">
  <reporter-output>
  </reporter-output>
  <suite started-at="2026-01-16T00:47:44 IST" name="AutomationExercise Suite" finished-at="2026-01-16T00:48:36 IST" duration-ms="52664">
    <groups>
      <group name="regression">
        <method signature="TC002_AccountRegistration.accountRegistration()[pri:0, instance:testCases.TC002_AccountRegistration@2a448449]" name="accountRegistration" class="testCases.TC002_AccountRegistration"/>
        <method signature="TC004_SignUp.signup()[pri:0, instance:testCases.TC004_SignUp@79c7532f]" name="signup" class="testCases.TC004_SignUp"/>
      </group> <!-- regression -->
      <group name="sanity">
        <method signature="TC001_LoginPage.verifyLogin()[pri:0, instance:testCases.TC001_LoginPage@3549bca9]" name="verifyLogin" class="testCases.TC001_LoginPage"/>
        <method signature="TC003_LogedOut.verifyLogOut()[pri:0, instance:testCases.TC003_LogedOut@71c27ee8]" name="verifyLogOut" class="testCases.TC003_LogedOut"/>
      </group> <!-- sanity -->
    </groups>
    <test started-at="2026-01-16T00:47:44 IST" name="Sanity Tests" finished-at="2026-01-16T00:48:12 IST" duration-ms="28233">
      <class name="testCases.TC001_LoginPage">
        <test-method is-config="true" signature="setup(java.lang.String,java.lang.String)[pri:0, instance:testCases.TC001_LoginPage@3549bca9]" started-at="2026-01-16T00:47:44 IST" name="setup" finished-at="2026-01-16T00:47:50 IST" duration-ms="6170" status="PASS">
          <params>
            <param index="0">
              <value>
                <![CDATA[chrome]]>
              </value>
            </param>
            <param index="1">
              <value>
                <![CDATA[linux]]>
              </value>
            </param>
          </params>
          <reporter-output>
          </reporter-output>
        </test-method> <!-- setup -->
        <test-method signature="verifyLogin()[pri:0, instance:testCases.TC001_LoginPage@3549bca9]" started-at="2026-01-16T00:47:50 IST" name="verifyLogin" finished-at="2026-01-16T00:47:54 IST" duration-ms="4182" status="PASS">
          <reporter-output>
          </reporter-output>
        </test-method> <!-- verifyLogin -->
        <test-method is-config="true" signature="tearDown()[pri:0, instance:testCases.TC001_LoginPage@3549bca9]" started-at="2026-01-16T00:47:54 IST" name="tearDown" finished-at="2026-01-16T00:47:54 IST" duration-ms="167" status="PASS">
          <reporter-output>
          </reporter-output>
        </test-method> <!-- tearDown -->
      </class> <!-- testCases.TC001_LoginPage -->
      <class name="testCases.TC003_LogedOut">
        <test-method is-config="true" signature="setup(java.lang.String,java.lang.String)[pri:0, instance:testCases.TC003_LogedOut@71c27ee8]" started-at="2026-01-16T00:47:44 IST" name="setup" finished-at="2026-01-16T00:47:50 IST" duration-ms="5973" status="PASS">
          <params>
            <param index="0">
              <value>
                <![CDATA[chrome]]>
              </value>
            </param>
            <param index="1">
              <value>
                <![CDATA[linux]]>
              </value>
            </param>
          </params>
          <reporter-output>
          </reporter-output>
        </test-method> <!-- setup -->
        <test-method signature="verifyLogOut()[pri:0, instance:testCases.TC003_LogedOut@71c27ee8]" started-at="2026-01-16T00:47:50 IST" name="verifyLogOut" finished-at="2026-01-16T00:48:12 IST" duration-ms="22082" status="PASS">
          <reporter-output>
          </reporter-output>
        </test-method> <!-- verifyLogOut -->
        <test-method is-config="true" signature="tearDown()[pri:0, instance:testCases.TC003_LogedOut@71c27ee8]" started-at="2026-01-16T00:48:12 IST" name="tearDown" finished-at="2026-01-16T00:48:12 IST" duration-ms="145" status="PASS">
          <reporter-output>
          </reporter-output>
        </test-method> <!-- tearDown -->
      </class> <!-- testCases.TC003_LogedOut -->
    </test> <!-- Sanity Tests -->
    <test started-at="2026-01-16T00:48:12 IST" name="Regression Tests" finished-at="2026-01-16T00:48:36 IST" duration-ms="24398">
      <class name="testCases.TC004_SignUp">
        <test-method is-config="true" signature="setup(java.lang.String,java.lang.String)[pri:0, instance:testCases.TC004_SignUp@79c7532f]" started-at="2026-01-16T00:48:12 IST" name="setup" finished-at="2026-01-16T00:48:25 IST" duration-ms="12778" status="PASS">
          <params>
            <param index="0">
              <value>
                <![CDATA[chrome]]>
              </value>
            </param>
            <param index="1">
              <value>
                <![CDATA[linux]]>
              </value>
            </param>
          </params>
          <reporter-output>
          </reporter-output>
        </test-method> <!-- setup -->
        <test-method signature="signup()[pri:0, instance:testCases.TC004_SignUp@79c7532f]" started-at="2026-01-16T00:48:25 IST" name="signup" finished-at="2026-01-16T00:48:28 IST" duration-ms="3494" status="PASS">
          <reporter-output>
          </reporter-output>
        </test-method> <!-- signup -->
        <test-method is-config="true" signature="tearDown()[pri:0, instance:testCases.TC004_SignUp@79c7532f]" started-at="2026-01-16T00:48:28 IST" name="tearDown" finished-at="2026-01-16T00:48:29 IST" duration-ms="441" status="PASS">
          <reporter-output>
          </reporter-output>
        </test-method> <!-- tearDown -->
      </class> <!-- testCases.TC004_SignUp -->
      <class name="testCases.TC002_AccountRegistration">
        <test-method is-config="true" signature="setup(java.lang.String,java.lang.String)[pri:0, instance:testCases.TC002_AccountRegistration@2a448449]" started-at="2026-01-16T00:48:12 IST" name="setup" finished-at="2026-01-16T00:48:18 IST" duration-ms="5692" status="PASS">
          <params>
            <param index="0">
              <value>
                <![CDATA[chrome]]>
              </value>
            </param>
            <param index="1">
              <value>
                <![CDATA[linux]]>
              </value>
            </param>
          </params>
          <reporter-output>
          </reporter-output>
        </test-method> <!-- setup -->
        <test-method signature="accountRegistration()[pri:0, instance:testCases.TC002_AccountRegistration@2a448449]" started-at="2026-01-16T00:48:18 IST" name="accountRegistration" finished-at="2026-01-16T00:48:36 IST" duration-ms="18505" status="PASS">
          <reporter-output>
          </reporter-output>
        </test-method> <!-- accountRegistration -->
        <test-method is-config="true" signature="tearDown()[pri:0, instance:testCases.TC002_AccountRegistration@2a448449]" started-at="2026-01-16T00:48:36 IST" name="tearDown" finished-at="2026-01-16T00:48:36 IST" duration-ms="192" status="PASS">
          <reporter-output>
          </reporter-output>
        </test-method> <!-- tearDown -->
      </class> <!-- testCases.TC002_AccountRegistration -->
    </test> <!-- Regression Tests -->
  </suite> <!-- AutomationExercise Suite -->
</testng-results>
